# JRE version: OpenJDK Runtime Environment JBR-11.0.15.10-2043.56-jcef (11.0.15+10) (build 11.0.15+10-b2043.56)
# Java VM: OpenJDK 64-Bit Server VM JBR-11.0.15.10-2043.56-jcef (11.0.15+10-b2043.56, mixed mode, tiered, compressed oops, g1 gc, linux-amd64)
Heap:
 garbage-first heap   total 369664K, used 285497K [0x00000000c2800000, 0x0000000100000000)
  region size 1024K, 77 young (78848K), 2 survivors (2048K)
 Metaspace       used 307571K, capacity 317843K, committed 320848K, reserved 1327104K
  class space    used 38109K, capacity 41930K, committed 42876K, reserved 1048576K
GC Heap History (20 events):
Event: 22549.510 GC heap before
{Heap before GC invocations=248 (full 0):
 garbage-first heap   total 369664K, used 262469K [0x00000000c2800000, 0x0000000100000000)
  region size 1024K, 18 young (18432K), 7 survivors (7168K)
 Metaspace       used 307868K, capacity 318055K, committed 320848K, reserved 1327104K
  class space    used 38101K, capacity 41915K, committed 42876K, reserved 1048576K
}
Event: 22549.532 GC heap after
{Heap after GC invocations=249 (full 0):
 garbage-first heap   total 369664K, used 248244K [0x00000000c2800000, 0x0000000100000000)
  region size 1024K, 2 young (2048K), 2 survivors (2048K)
 Metaspace       used 307868K, capacity 318055K, committed 320848K, reserved 1327104K
  class space    used 38101K, capacity 41915K, committed 42876K, reserved 1048576K
}
Event: 22763.513 GC heap before
{Heap before GC invocations=249 (full 0):
 garbage-first heap   total 369664K, used 316852K [0x00000000c2800000, 0x0000000100000000)
  region size 1024K, 69 young (70656K), 2 survivors (2048K)
 Metaspace       used 307868K, capacity 318055K, committed 320848K, reserved 1327104K
  class space    used 38101K, capacity 41915K, committed 42876K, reserved 1048576K
}
Event: 22763.526 GC heap after
{Heap after GC invocations=250 (full 0):
 garbage-first heap   total 369664K, used 247686K [0x00000000c2800000, 0x0000000100000000)
  region size 1024K, 1 young (1024K), 1 survivors (1024K)
 Metaspace       used 307868K, capacity 318055K, committed 320848K, reserved 1327104K
  class space    used 38101K, capacity 41915K, committed 42876K, reserved 1048576K
}
Event: 22963.581 GC heap before
{Heap before GC invocations=251 (full 0):
 garbage-first heap   total 369664K, used 317318K [0x00000000c2800000, 0x0000000100000000)
  region size 1024K, 70 young (71680K), 1 survivors (1024K)
 Metaspace       used 307851K, capacity 318019K, committed 320848K, reserved 1327104K
  class space    used 38095K, capacity 41902K, committed 42876K, reserved 1048576K
}
Event: 22963.591 GC heap after
{Heap after GC invocations=252 (full 0):
 garbage-first heap   total 369664K, used 246916K [0x00000000c2800000, 0x0000000100000000)
  region size 1024K, 2 young (2048K), 2 survivors (2048K)
 Metaspace       used 307851K, capacity 318019K, committed 320848K, reserved 1327104K
  class space    used 38095K, capacity 41902K, committed 42876K, reserved 1048576K
}
Event: 23014.238 GC heap before
{Heap before GC invocations=252 (full 0):
 garbage-first heap   total 369664K, used 263300K [0x00000000c2800000, 0x0000000100000000)
  region size 1024K, 18 young (18432K), 2 survivors (2048K)
 Metaspace       used 307851K, capacity 318019K, committed 320848K, reserved 1327104K
  class space    used 38095K, capacity 41902K, committed 42876K, reserved 1048576K
}
Event: 23014.270 GC heap after
{Heap after GC invocations=253 (full 0):
 garbage-first heap   total 369664K, used 228503K [0x00000000c2800000, 0x0000000100000000)
  region size 1024K, 1 young (1024K), 1 survivors (1024K)
 Metaspace       used 307851K, capacity 318019K, committed 320848K, reserved 1327104K
  class space    used 38095K, capacity 41902K, committed 42876K, reserved 1048576K
}
Event: 23252.354 GC heap before
{Heap before GC invocations=253 (full 0):
 garbage-first heap   total 369664K, used 311447K [0x00000000c2800000, 0x0000000100000000)
  region size 1024K, 82 young (83968K), 1 survivors (1024K)
 Metaspace       used 307854K, capacity 318020K, committed 320848K, reserved 1327104K
  class space    used 38095K, capacity 41902K, committed 42876K, reserved 1048576K
}
Event: 23252.370 GC heap after
{Heap after GC invocations=254 (full 0):
 garbage-first heap   total 369664K, used 228806K [0x00000000c2800000, 0x0000000100000000)
  region size 1024K, 2 young (2048K), 2 survivors (2048K)
 Metaspace       used 307854K, capacity 318020K, committed 320848K, reserved 1327104K
  class space    used 38095K, capacity 41902K, committed 42876K, reserved 1048576K
}
Event: 23498.886 GC heap before
{Heap before GC invocations=255 (full 0):
 garbage-first heap   total 369664K, used 309702K [0x00000000c2800000, 0x0000000100000000)
  region size 1024K, 85 young (87040K), 2 survivors (2048K)
 Metaspace       used 307174K, capacity 317234K, committed 320848K, reserved 1327104K
  class space    used 38048K, capacity 41814K, committed 42876K, reserved 1048576K
}
Event: 23498.892 GC heap after
{Heap after GC invocations=256 (full 0):
 garbage-first heap   total 369664K, used 224714K [0x00000000c2800000, 0x0000000100000000)
  region size 1024K, 2 young (2048K), 2 survivors (2048K)
 Metaspace       used 307174K, capacity 317234K, committed 320848K, reserved 1327104K
  class space    used 38048K, capacity 41814K, committed 42876K, reserved 1048576K
}
Event: 23549.493 GC heap before
{Heap before GC invocations=256 (full 0):
 garbage-first heap   total 369664K, used 241098K [0x00000000c2800000, 0x0000000100000000)
  region size 1024K, 18 young (18432K), 2 survivors (2048K)
 Metaspace       used 307175K, capacity 317234K, committed 320848K, reserved 1327104K
  class space    used 38048K, capacity 41814K, committed 42876K, reserved 1048576K
}
Event: 23549.508 GC heap after
{Heap after GC invocations=257 (full 0):
 garbage-first heap   total 369664K, used 209404K [0x00000000c2800000, 0x0000000100000000)
  region size 1024K, 1 young (1024K), 1 survivors (1024K)
 Metaspace       used 307175K, capacity 317234K, committed 320848K, reserved 1327104K
  class space    used 38048K, capacity 41814K, committed 42876K, reserved 1048576K
}
Event: 23847.180 GC heap before
{Heap before GC invocations=257 (full 0):
 garbage-first heap   total 369664K, used 309756K [0x00000000c2800000, 0x0000000100000000)
  region size 1024K, 100 young (102400K), 1 survivors (1024K)
 Metaspace       used 307175K, capacity 317234K, committed 320848K, reserved 1327104K
  class space    used 38048K, capacity 41814K, committed 42876K, reserved 1048576K
}
Event: 23847.193 GC heap after
{Heap after GC invocations=258 (full 0):
 garbage-first heap   total 369664K, used 209667K [0x00000000c2800000, 0x0000000100000000)
  region size 1024K, 2 young (2048K), 2 survivors (2048K)
 Metaspace       used 307175K, capacity 317234K, committed 320848K, reserved 1327104K
  class space    used 38048K, capacity 41814K, committed 42876K, reserved 1048576K
}
Event: 24152.538 GC heap before
{Heap before GC invocations=259 (full 0):
 garbage-first heap   total 369664K, used 312067K [0x00000000c2800000, 0x0000000100000000)
  region size 1024K, 103 young (105472K), 2 survivors (2048K)
 Metaspace       used 307175K, capacity 317234K, committed 320848K, reserved 1327104K
  class space    used 38048K, capacity 41814K, committed 42876K, reserved 1048576K
}
Event: 24152.553 GC heap after
{Heap after GC invocations=260 (full 0):
 garbage-first heap   total 369664K, used 209736K [0x00000000c2800000, 0x0000000100000000)
  region size 1024K, 2 young (2048K), 2 survivors (2048K)
 Metaspace       used 307175K, capacity 317234K, committed 320848K, reserved 1327104K
  class space    used 38048K, capacity 41814K, committed 42876K, reserved 1048576K
}
Event: 24464.105 GC heap before
{Heap before GC invocations=260 (full 0):
 garbage-first heap   total 369664K, used 315208K [0x00000000c2800000, 0x0000000100000000)
  region size 1024K, 105 young (107520K), 2 survivors (2048K)
 Metaspace       used 307175K, capacity 317234K, committed 320848K, reserved 1327104K
  class space    used 38048K, capacity 41814K, committed 42876K, reserved 1048576K
}
Event: 24464.120 GC heap after
{Heap after GC invocations=261 (full 0):
 garbage-first heap   total 369664K, used 209721K [0x00000000c2800000, 0x0000000100000000)
  region size 1024K, 2 young (2048K), 2 survivors (2048K)
 Metaspace       used 307175K, capacity 317234K, committed 320848K, reserved 1327104K
  class space    used 38048K, capacity 41814K, committed 42876K, reserved 1048576K
}

